Determining if the pthread_create exist failed with the following output:
Change Dir: /home/yuval/Downloads/Ass3/Boost_Echo_Client/cmake-build-debug/CMakeFiles/CMakeTmp

Run Build Command:"/usr/bin/make" "cmTC_51109/fast"
/usr/bin/make -f CMakeFiles/cmTC_51109.dir/build.make CMakeFiles/cmTC_51109.dir/build
make[1]: Entering directory '/home/yuval/Downloads/Ass3/Boost_Echo_Client/cmake-build-debug/CMakeFiles/CMakeTmp'
Building C object CMakeFiles/cmTC_51109.dir/CheckSymbolExists.c.o
/usr/bin/cc    -o CMakeFiles/cmTC_51109.dir/CheckSymbolExists.c.o   -c /home/yuval/Downloads/Ass3/Boost_Echo_Client/cmake-build-debug/CMakeFiles/CMakeTmp/CheckSymbolExists.c
Linking C executable cmTC_51109
/snap/clion/57/bin/cmake/linux/bin/cmake -E cmake_link_script CMakeFiles/cmTC_51109.dir/link.txt --verbose=1
/usr/bin/cc      CMakeFiles/cmTC_51109.dir/CheckSymbolExists.c.o  -o cmTC_51109 
CMakeFiles/cmTC_51109.dir/CheckSymbolExists.c.o: In function `main':
CheckSymbolExists.c:(.text+0x1b): undefined reference to `pthread_create'
collect2: error: ld returned 1 exit status
CMakeFiles/cmTC_51109.dir/build.make:86: recipe for target 'cmTC_51109' failed
make[1]: *** [cmTC_51109] Error 1
make[1]: Leaving directory '/home/yuval/Downloads/Ass3/Boost_Echo_Client/cmake-build-debug/CMakeFiles/CMakeTmp'
Makefile:121: recipe for target 'cmTC_51109/fast' failed
make: *** [cmTC_51109/fast] Error 2

File /home/yuval/Downloads/Ass3/Boost_Echo_Client/cmake-build-debug/CMakeFiles/CMakeTmp/CheckSymbolExists.c:
/* */
#include <pthread.h>

int main(int argc, char** argv)
{
  (void)argv;
#ifndef pthread_create
  return ((int*)(&pthread_create))[argc];
#else
  (void)argc;
  return 0;
#endif
}

Determining if the function pthread_create exists in the pthreads failed with the following output:
Change Dir: /home/yuval/Downloads/Ass3/Boost_Echo_Client/cmake-build-debug/CMakeFiles/CMakeTmp

Run Build Command:"/usr/bin/make" "cmTC_d6b8c/fast"
/usr/bin/make -f CMakeFiles/cmTC_d6b8c.dir/build.make CMakeFiles/cmTC_d6b8c.dir/build
make[1]: Entering directory '/home/yuval/Downloads/Ass3/Boost_Echo_Client/cmake-build-debug/CMakeFiles/CMakeTmp'
Building C object CMakeFiles/cmTC_d6b8c.dir/CheckFunctionExists.c.o
/usr/bin/cc   -DCHECK_FUNCTION_EXISTS=pthread_create   -o CMakeFiles/cmTC_d6b8c.dir/CheckFunctionExists.c.o   -c /snap/clion/57/bin/cmake/linux/share/cmake-3.13/Modules/CheckFunctionExists.c
Linking C executable cmTC_d6b8c
/snap/clion/57/bin/cmake/linux/bin/cmake -E cmake_link_script CMakeFiles/cmTC_d6b8c.dir/link.txt --verbose=1
/usr/bin/cc  -DCHECK_FUNCTION_EXISTS=pthread_create    CMakeFiles/cmTC_d6b8c.dir/CheckFunctionExists.c.o  -o cmTC_d6b8c -lpthreads 
/usr/bin/ld: cannot find -lpthreads
collect2: error: ld returned 1 exit status
CMakeFiles/cmTC_d6b8c.dir/build.make:86: recipe for target 'cmTC_d6b8c' failed
make[1]: *** [cmTC_d6b8c] Error 1
make[1]: Leaving directory '/home/yuval/Downloads/Ass3/Boost_Echo_Client/cmake-build-debug/CMakeFiles/CMakeTmp'
Makefile:121: recipe for target 'cmTC_d6b8c/fast' failed
make: *** [cmTC_d6b8c/fast] Error 2


